[2022-01-14T14:29:23.631] [DEBUG] cheese - login => username:zs,password:1213
[2022-01-14T14:29:23.633] [DEBUG] cheese - zs
[2022-01-14T14:29:23.645] [DEBUG] cheese - null
[2022-01-14T14:29:23.645] [DEBUG] cheese - null
[2022-01-14T14:31:37.168] [DEBUG] cheese - login => username:admin,password:123456
[2022-01-14T14:31:37.168] [DEBUG] cheese - admin
[2022-01-14T14:31:37.173] [DEBUG] cheese - null
[2022-01-14T14:31:37.173] [DEBUG] cheese - null
[2022-01-14T17:45:32.161] [DEBUG] cheese - login => username:admin,password:123456
[2022-01-14T17:45:32.162] [DEBUG] cheese - admin
[2022-01-14T17:45:32.170] [DEBUG] cheese - null
[2022-01-14T17:45:32.170] [DEBUG] cheese - null
[2022-01-14T17:48:01.877] [DEBUG] cheese - login => username:admin,password:123456
[2022-01-14T17:48:01.877] [DEBUG] cheese - admin
[2022-01-14T17:48:01.881] [DEBUG] cheese - null
[2022-01-14T17:48:01.881] [DEBUG] cheese - null
[2022-01-14T17:49:17.565] [DEBUG] cheese - login => username:admin,password:123456
[2022-01-14T17:49:17.565] [DEBUG] cheese - admin
[2022-01-14T17:49:17.568] [DEBUG] cheese - null
[2022-01-14T17:49:17.568] [DEBUG] cheese - null
[2022-01-14T17:51:06.341] [DEBUG] cheese - login => username:admin,password:123456
[2022-01-14T17:51:06.341] [DEBUG] cheese - admin
[2022-01-14T17:51:06.344] [DEBUG] cheese - null
[2022-01-14T17:51:06.344] [DEBUG] cheese - null
[2022-01-14T17:56:26.433] [DEBUG] cheese - login => username:ad,im,password:123456
[2022-01-14T17:56:26.433] [DEBUG] cheese - ad,im
[2022-01-14T17:56:26.435] [DEBUG] cheese - null
[2022-01-14T17:56:26.435] [DEBUG] cheese - null
[2022-01-14T17:56:28.356] [DEBUG] cheese - login => username:ad,im,password:123456
[2022-01-14T17:56:28.356] [DEBUG] cheese - ad,im
[2022-01-14T17:56:28.357] [DEBUG] cheese - null
[2022-01-14T17:56:28.358] [DEBUG] cheese - null
[2022-01-14T17:56:48.665] [DEBUG] cheese - login => username:admin,password:123456
[2022-01-14T17:56:48.665] [DEBUG] cheese - admin
[2022-01-14T17:56:48.667] [DEBUG] cheese - null
[2022-01-14T17:56:48.667] [DEBUG] cheese - null
[2022-01-14T17:56:57.724] [DEBUG] cheese - login => username:admin,password:123456
[2022-01-14T17:56:57.724] [DEBUG] cheese - admin
[2022-01-14T17:56:57.727] [DEBUG] cheese - null
[2022-01-14T17:56:57.727] [DEBUG] cheese - null
[2022-01-14T17:56:58.509] [DEBUG] cheese - login => username:admin,password:123456
[2022-01-14T17:56:58.509] [DEBUG] cheese - admin
[2022-01-14T17:56:58.511] [DEBUG] cheese - null
[2022-01-14T17:56:58.511] [DEBUG] cheese - null
[2022-01-14T17:56:58.913] [DEBUG] cheese - login => username:admin,password:123456
[2022-01-14T17:56:58.913] [DEBUG] cheese - admin
[2022-01-14T17:56:58.915] [DEBUG] cheese - null
[2022-01-14T17:56:58.915] [DEBUG] cheese - null
[2022-01-14T17:56:59.106] [DEBUG] cheese - login => username:admin,password:123456
[2022-01-14T17:56:59.107] [DEBUG] cheese - admin
[2022-01-14T17:56:59.109] [DEBUG] cheese - null
[2022-01-14T17:56:59.109] [DEBUG] cheese - null
[2022-01-14T17:56:59.489] [DEBUG] cheese - login => username:admin,password:123456
[2022-01-14T17:56:59.489] [DEBUG] cheese - admin
[2022-01-14T17:56:59.490] [DEBUG] cheese - null
[2022-01-14T17:56:59.490] [DEBUG] cheese - null
[2022-01-14T17:56:59.689] [DEBUG] cheese - login => username:admin,password:123456
[2022-01-14T17:56:59.689] [DEBUG] cheese - admin
[2022-01-14T17:56:59.691] [DEBUG] cheese - null
[2022-01-14T17:56:59.691] [DEBUG] cheese - null
[2022-01-14T17:56:59.879] [DEBUG] cheese - login => username:admin,password:123456
[2022-01-14T17:56:59.879] [DEBUG] cheese - admin
[2022-01-14T17:56:59.881] [DEBUG] cheese - null
[2022-01-14T17:56:59.881] [DEBUG] cheese - null
[2022-01-14T17:57:00.076] [DEBUG] cheese - login => username:admin,password:123456
[2022-01-14T17:57:00.076] [DEBUG] cheese - admin
[2022-01-14T17:57:00.078] [DEBUG] cheese - null
[2022-01-14T17:57:00.078] [DEBUG] cheese - null
[2022-01-14T17:57:00.489] [DEBUG] cheese - login => username:admin,password:123456
[2022-01-14T17:57:00.489] [DEBUG] cheese - admin
[2022-01-14T17:57:00.490] [DEBUG] cheese - null
[2022-01-14T17:57:00.490] [DEBUG] cheese - null
[2022-01-14T17:57:00.697] [DEBUG] cheese - login => username:admin,password:123456
[2022-01-14T17:57:00.697] [DEBUG] cheese - admin
[2022-01-14T17:57:00.698] [DEBUG] cheese - null
[2022-01-14T17:57:00.699] [DEBUG] cheese - null
[2022-01-14T17:57:01.577] [DEBUG] cheese - login => username:admin,password:123456
[2022-01-14T17:57:01.577] [DEBUG] cheese - admin
[2022-01-14T17:57:01.579] [DEBUG] cheese - null
[2022-01-14T17:57:01.579] [DEBUG] cheese - null
[2022-01-14T17:57:02.927] [DEBUG] cheese - login => username:admin,password:123456
[2022-01-14T17:57:02.928] [DEBUG] cheese - admin
[2022-01-14T17:57:02.929] [DEBUG] cheese - null
[2022-01-14T17:57:02.929] [DEBUG] cheese - null
[2022-01-14T17:57:03.161] [DEBUG] cheese - login => username:admin,password:123456
[2022-01-14T17:57:03.161] [DEBUG] cheese - admin
[2022-01-14T17:57:03.163] [DEBUG] cheese - null
[2022-01-14T17:57:03.163] [DEBUG] cheese - null
[2022-01-14T17:57:03.354] [DEBUG] cheese - login => username:admin,password:123456
[2022-01-14T17:57:03.355] [DEBUG] cheese - admin
[2022-01-14T17:57:03.356] [DEBUG] cheese - null
[2022-01-14T17:57:03.356] [DEBUG] cheese - null
[2022-01-14T17:57:03.579] [DEBUG] cheese - login => username:admin,password:123456
[2022-01-14T17:57:03.579] [DEBUG] cheese - admin
[2022-01-14T17:57:03.581] [DEBUG] cheese - null
[2022-01-14T17:57:03.582] [DEBUG] cheese - null
[2022-01-14T17:57:04.206] [DEBUG] cheese - login => username:admin,password:123456
[2022-01-14T17:57:04.206] [DEBUG] cheese - admin
[2022-01-14T17:57:04.208] [DEBUG] cheese - null
[2022-01-14T17:57:04.208] [DEBUG] cheese - null
[2022-01-14T17:57:04.725] [DEBUG] cheese - login => username:admin,password:123456
[2022-01-14T17:57:04.725] [DEBUG] cheese - admin
[2022-01-14T17:57:04.726] [DEBUG] cheese - null
[2022-01-14T17:57:04.727] [DEBUG] cheese - null
[2022-01-14T17:57:05.603] [DEBUG] cheese - login => username:admin,password:123456
[2022-01-14T17:57:05.603] [DEBUG] cheese - admin
[2022-01-14T17:57:05.605] [DEBUG] cheese - null
[2022-01-14T17:57:05.605] [DEBUG] cheese - null
[2022-01-14T17:59:48.678] [DEBUG] cheese - login => username:adsmdsds,password:dasdasdasdasd
[2022-01-14T17:59:48.678] [DEBUG] cheese - adsmdsds
[2022-01-14T17:59:48.679] [DEBUG] cheese - null
[2022-01-14T17:59:48.679] [DEBUG] cheese - null
[2022-01-14T18:00:05.301] [DEBUG] cheese - login => username:admin,password:123456
[2022-01-14T18:00:05.302] [DEBUG] cheese - admin
[2022-01-14T18:00:05.303] [DEBUG] cheese - null
[2022-01-14T18:00:05.304] [DEBUG] cheese - null
[2022-01-14T18:04:26.481] [DEBUG] cheese - login => username:admin,password:123456
[2022-01-14T18:04:26.481] [DEBUG] cheese - admin
[2022-01-14T18:04:26.483] [DEBUG] cheese - null
[2022-01-14T18:04:26.483] [DEBUG] cheese - null
[2022-01-14T18:04:53.857] [DEBUG] cheese - login => username:admin,password:123456
[2022-01-14T18:04:53.857] [DEBUG] cheese - admin
[2022-01-14T18:04:53.859] [DEBUG] cheese - null
[2022-01-14T18:04:53.859] [DEBUG] cheese - null
[2022-01-14T18:05:15.530] [DEBUG] cheese - login => username:admin,password:123456
[2022-01-14T18:05:15.530] [DEBUG] cheese - admin
[2022-01-14T18:05:15.532] [DEBUG] cheese - null
[2022-01-14T18:05:15.532] [DEBUG] cheese - null
[2022-01-14T18:05:42.907] [DEBUG] cheese - login => username:admin,password:123456
[2022-01-14T18:05:42.908] [DEBUG] cheese - admin
[2022-01-14T18:05:42.910] [DEBUG] cheese - null
[2022-01-14T18:05:42.910] [DEBUG] cheese - null
[2022-01-14T18:06:01.238] [DEBUG] cheese - login => username:admin,password:123456
[2022-01-14T18:06:01.238] [DEBUG] cheese - admin
[2022-01-14T18:06:01.240] [DEBUG] cheese - null
[2022-01-14T18:06:01.240] [DEBUG] cheese - null
[2022-01-14T18:06:03.382] [DEBUG] cheese - login => username:admin,password:123456
[2022-01-14T18:06:03.382] [DEBUG] cheese - admin
[2022-01-14T18:06:03.384] [DEBUG] cheese - null
[2022-01-14T18:06:03.384] [DEBUG] cheese - null
[2022-01-14T18:07:08.493] [DEBUG] cheese - login => username:admin,password:123456
[2022-01-14T18:07:08.493] [DEBUG] cheese - admin
[2022-01-14T18:07:08.495] [DEBUG] cheese - null
[2022-01-14T18:07:08.495] [DEBUG] cheese - null
[2022-01-14T18:07:15.973] [DEBUG] cheese - login => username:admin,password:123456
[2022-01-14T18:07:15.973] [DEBUG] cheese - admin
[2022-01-14T18:07:15.975] [DEBUG] cheese - null
[2022-01-14T18:07:15.975] [DEBUG] cheese - null
[2022-01-14T18:07:54.248] [DEBUG] cheese - login => username:admin,password:123456
[2022-01-14T18:07:54.248] [DEBUG] cheese - admin
[2022-01-14T18:07:54.249] [DEBUG] cheese - null
[2022-01-14T18:07:54.249] [DEBUG] cheese - null
[2022-01-14T18:10:09.359] [DEBUG] cheese - login => username:admin,password:123456
[2022-01-14T18:10:09.359] [DEBUG] cheese - admin
[2022-01-14T18:10:09.360] [DEBUG] cheese - null
[2022-01-14T18:10:09.360] [DEBUG] cheese - null
[2022-01-14T18:26:51.271] [DEBUG] cheese - login => username:admin,password:123456
[2022-01-14T18:26:51.271] [DEBUG] cheese - admin
[2022-01-14T18:26:51.273] [DEBUG] cheese - null
[2022-01-14T18:26:51.273] [DEBUG] cheese - null
[2022-01-14T18:28:26.521] [DEBUG] cheese - login => username:admin,password:123456
[2022-01-14T18:28:26.521] [DEBUG] cheese - admin
[2022-01-14T18:28:26.522] [DEBUG] cheese - null
[2022-01-14T18:28:26.522] [DEBUG] cheese - null
[2022-01-14T18:29:06.317] [DEBUG] cheese - login => username:admin,password:123456
[2022-01-14T18:29:06.317] [DEBUG] cheese - admin
[2022-01-14T18:29:06.319] [DEBUG] cheese - null
[2022-01-14T18:29:06.319] [DEBUG] cheese - null
[2022-01-14T18:29:47.498] [DEBUG] cheese - login => username:admin,password:123456
[2022-01-14T18:29:47.499] [DEBUG] cheese - admin
[2022-01-14T18:29:47.500] [DEBUG] cheese - null
[2022-01-14T18:29:47.500] [DEBUG] cheese - null
[2022-01-14T18:30:56.181] [DEBUG] cheese - login => username:admin,password:123456
[2022-01-14T18:30:56.181] [DEBUG] cheese - admin
[2022-01-14T18:30:56.183] [DEBUG] cheese - null
[2022-01-14T18:30:56.183] [DEBUG] cheese - null
[2022-01-14T18:32:11.843] [DEBUG] cheese - login => username:admin,password:123456
[2022-01-14T18:32:11.843] [DEBUG] cheese - admin
[2022-01-14T18:32:11.844] [DEBUG] cheese - null
[2022-01-14T18:32:11.844] [DEBUG] cheese - null
[2022-01-14T18:32:13.699] [DEBUG] cheese - login => username:admin,password:123456
[2022-01-14T18:32:13.699] [DEBUG] cheese - admin
[2022-01-14T18:32:13.701] [DEBUG] cheese - null
[2022-01-14T18:32:13.701] [DEBUG] cheese - null
[2022-01-14T18:32:17.766] [DEBUG] cheese - login => username:admin,password:123456
[2022-01-14T18:32:17.766] [DEBUG] cheese - admin
[2022-01-14T18:32:17.768] [DEBUG] cheese - null
[2022-01-14T18:32:17.768] [DEBUG] cheese - null
[2022-01-14T18:32:23.486] [DEBUG] cheese - login => username:admin,password:123456
[2022-01-14T18:32:23.486] [DEBUG] cheese - admin
[2022-01-14T18:32:23.488] [DEBUG] cheese - null
[2022-01-14T18:32:23.488] [DEBUG] cheese - null
[2022-01-14T18:33:33.610] [DEBUG] cheese - login => username:admin,password:123456
[2022-01-14T18:33:33.610] [DEBUG] cheese - admin
[2022-01-14T18:33:33.611] [DEBUG] cheese - null
[2022-01-14T18:33:33.611] [DEBUG] cheese - null
[2022-01-14T18:40:18.830] [DEBUG] cheese - login => username:admin,password:123456
[2022-01-14T18:40:18.831] [DEBUG] cheese - admin
[2022-01-14T18:40:18.834] [DEBUG] cheese - null
[2022-01-14T18:40:18.834] [DEBUG] cheese - null
[2022-01-14T18:41:21.326] [DEBUG] cheese - login => username:admin,password:123456
[2022-01-14T18:41:21.326] [DEBUG] cheese - admin
[2022-01-14T18:41:21.328] [DEBUG] cheese - null
[2022-01-14T18:41:21.328] [DEBUG] cheese - null
[2022-01-14T18:43:32.322] [DEBUG] cheese - login => username:admin,password:123456
[2022-01-14T18:43:32.323] [DEBUG] cheese - admin
[2022-01-14T18:43:32.324] [DEBUG] cheese - null
[2022-01-14T18:43:32.324] [DEBUG] cheese - null
[2022-01-14T21:57:36.673] [DEBUG] cheese - login => username:admin,password:123456
[2022-01-14T21:57:36.674] [DEBUG] cheese - admin
[2022-01-14T21:57:36.706] [DEBUG] cheese - null
[2022-01-14T21:57:36.707] [DEBUG] cheese - null
[2022-01-14T23:07:43.771] [DEBUG] cheese - login => username:admin,password:123456
[2022-01-14T23:07:43.772] [DEBUG] cheese - admin
[2022-01-14T23:07:43.781] [DEBUG] cheese - null
[2022-01-14T23:07:43.781] [DEBUG] cheese - null
[2022-01-14T23:22:56.543] [DEBUG] cheese - login => username:admin,password:123456
[2022-01-14T23:22:56.544] [DEBUG] cheese - admin
[2022-01-14T23:22:56.547] [DEBUG] cheese - null
[2022-01-14T23:22:56.548] [DEBUG] cheese - null
[2022-01-14T23:23:03.350] [DEBUG] cheese - login => username:admin,password:123456
[2022-01-14T23:23:03.350] [DEBUG] cheese - admin
[2022-01-14T23:23:03.352] [DEBUG] cheese - null
[2022-01-14T23:23:03.352] [DEBUG] cheese - null
[2022-01-14T23:23:26.902] [DEBUG] cheese - login => username:admin,password:123456
[2022-01-14T23:23:26.902] [DEBUG] cheese - admin
[2022-01-14T23:23:26.904] [DEBUG] cheese - null
[2022-01-14T23:23:26.904] [DEBUG] cheese - null
[2022-01-14T23:23:29.896] [DEBUG] cheese - login => username:admin,password:123456
[2022-01-14T23:23:29.896] [DEBUG] cheese - admin
[2022-01-14T23:23:29.898] [DEBUG] cheese - null
[2022-01-14T23:23:29.898] [DEBUG] cheese - null
[2022-01-14T23:23:35.146] [DEBUG] cheese - login => username:admin,password:123456
[2022-01-14T23:23:35.146] [DEBUG] cheese - admin
[2022-01-14T23:23:35.150] [DEBUG] cheese - null
[2022-01-14T23:23:35.150] [DEBUG] cheese - null
[2022-01-14T23:39:32.223] [DEBUG] cheese - login => username:admin,password:123456
[2022-01-14T23:39:32.223] [DEBUG] cheese - admin
[2022-01-14T23:39:32.225] [DEBUG] cheese - null
[2022-01-14T23:39:32.225] [DEBUG] cheese - null
[2022-01-14T23:39:35.408] [DEBUG] cheese - login => username:admin,password:123456
[2022-01-14T23:39:35.408] [DEBUG] cheese - admin
[2022-01-14T23:39:35.412] [DEBUG] cheese - null
[2022-01-14T23:39:35.413] [DEBUG] cheese - null
[2022-01-14T23:39:58.463] [DEBUG] cheese - login => username:admin,password:123456
[2022-01-14T23:39:58.464] [DEBUG] cheese - admin
[2022-01-14T23:39:58.466] [DEBUG] cheese - null
[2022-01-14T23:39:58.466] [DEBUG] cheese - null
[2022-01-15T14:10:18.705] [DEBUG] cheese - login => username:admin,password:123456
[2022-01-15T14:10:18.707] [DEBUG] cheese - admin
[2022-01-15T14:10:18.740] [DEBUG] cheese - null
[2022-01-15T14:10:18.740] [DEBUG] cheese - null
[2022-01-15T14:10:31.106] [DEBUG] cheese - login => username:admin,password:123456
[2022-01-15T14:10:31.106] [DEBUG] cheese - admin
[2022-01-15T14:10:31.109] [DEBUG] cheese - null
[2022-01-15T14:10:31.109] [DEBUG] cheese - null
[2022-01-15T14:51:32.452] [DEBUG] cheese - login => username:admin,password:123456
[2022-01-15T14:51:32.452] [DEBUG] cheese - admin
[2022-01-15T14:51:32.455] [DEBUG] cheese - null
[2022-01-15T14:51:32.455] [DEBUG] cheese - null
[2022-01-15T15:02:14.059] [DEBUG] cheese - login => username:admin,password:123456
[2022-01-15T15:02:14.059] [DEBUG] cheese - admin
[2022-01-15T15:02:14.063] [DEBUG] cheese - null
[2022-01-15T15:02:14.063] [DEBUG] cheese - null
[2022-01-15T15:28:42.545] [DEBUG] cheese - login => username:admin,password:123456
[2022-01-15T15:28:42.545] [DEBUG] cheese - admin
[2022-01-15T15:28:42.547] [DEBUG] cheese - null
[2022-01-15T15:28:42.548] [DEBUG] cheese - null
[2022-01-15T16:05:40.433] [DEBUG] cheese - login => username:admin,password:123456
[2022-01-15T16:05:40.433] [DEBUG] cheese - admin
[2022-01-15T16:05:40.435] [DEBUG] cheese - null
[2022-01-15T16:05:40.435] [DEBUG] cheese - null
[2022-01-15T16:07:55.622] [DEBUG] cheese - login => username:admin,password:123456
[2022-01-15T16:07:55.622] [DEBUG] cheese - admin
[2022-01-15T16:07:55.624] [DEBUG] cheese - null
[2022-01-15T16:07:55.624] [DEBUG] cheese - null
[2022-01-15T16:38:59.108] [DEBUG] cheese - login => username:admin,password:123456
[2022-01-15T16:38:59.108] [DEBUG] cheese - admin
[2022-01-15T16:38:59.110] [DEBUG] cheese - null
[2022-01-15T16:38:59.110] [DEBUG] cheese - null
[2022-01-15T16:42:11.728] [DEBUG] cheese - login => username:admin,password:123456
[2022-01-15T16:42:11.728] [DEBUG] cheese - admin
[2022-01-15T16:42:11.731] [DEBUG] cheese - null
[2022-01-15T16:42:11.731] [DEBUG] cheese - null
[2022-01-15T16:45:20.597] [DEBUG] cheese - login => username:admin,password:123456
[2022-01-15T16:45:20.597] [DEBUG] cheese - admin
[2022-01-15T16:45:20.598] [DEBUG] cheese - null
[2022-01-15T16:45:20.598] [DEBUG] cheese - null
[2022-01-15T16:47:10.905] [DEBUG] cheese - login => username:admin,password:123456
[2022-01-15T16:47:10.905] [DEBUG] cheese - admin
[2022-01-15T16:47:10.907] [DEBUG] cheese - null
[2022-01-15T16:47:10.907] [DEBUG] cheese - null
[2022-01-15T16:47:31.610] [DEBUG] cheese - login => username:admin,password:123456
[2022-01-15T16:47:31.610] [DEBUG] cheese - admin
[2022-01-15T16:47:31.612] [DEBUG] cheese - null
[2022-01-15T16:47:31.612] [DEBUG] cheese - null
[2022-01-15T18:58:03.789] [DEBUG] cheese - login => username:admin,password:123456
[2022-01-15T18:58:03.789] [DEBUG] cheese - admin
[2022-01-15T18:58:03.791] [DEBUG] cheese - null
[2022-01-15T18:58:03.791] [DEBUG] cheese - null
[2022-01-15T19:00:19.312] [DEBUG] cheese - login => username:admin,password:123456
[2022-01-15T19:00:19.312] [DEBUG] cheese - admin
[2022-01-15T19:00:19.314] [DEBUG] cheese - null
[2022-01-15T19:00:19.314] [DEBUG] cheese - null
[2022-01-15T19:06:33.764] [DEBUG] cheese - login => username:admin,password:123456
[2022-01-15T19:06:33.764] [DEBUG] cheese - admin
[2022-01-15T19:06:33.770] [DEBUG] cheese - null
[2022-01-15T19:06:33.771] [DEBUG] cheese - null
[2022-01-15T19:23:49.077] [DEBUG] cheese - login => username:admin,password:123456
[2022-01-15T19:23:49.077] [DEBUG] cheese - admin
[2022-01-15T19:23:49.079] [DEBUG] cheese - null
[2022-01-15T19:23:49.079] [DEBUG] cheese - null
[2022-01-15T19:24:01.477] [DEBUG] cheese - login => username:admin,password:123456
[2022-01-15T19:24:01.477] [DEBUG] cheese - admin
[2022-01-15T19:24:01.479] [DEBUG] cheese - null
[2022-01-15T19:24:01.479] [DEBUG] cheese - null
[2022-01-15T22:17:50.314] [DEBUG] cheese - login => username:admin,password:123456
[2022-01-15T22:17:50.315] [DEBUG] cheese - admin
[2022-01-15T22:17:50.318] [DEBUG] cheese - null
[2022-01-15T22:17:50.318] [DEBUG] cheese - null
[2022-01-15T22:18:16.318] [DEBUG] cheese - login => username:admin,password:123456
[2022-01-15T22:18:16.318] [DEBUG] cheese - admin
[2022-01-15T22:18:16.319] [DEBUG] cheese - null
[2022-01-15T22:18:16.319] [DEBUG] cheese - null
[2022-01-15T22:18:35.393] [DEBUG] cheese - login => username:admin,password:123456
[2022-01-15T22:18:35.393] [DEBUG] cheese - admin
[2022-01-15T22:18:35.395] [DEBUG] cheese - null
[2022-01-15T22:18:35.395] [DEBUG] cheese - null
[2022-01-15T22:19:39.403] [DEBUG] cheese - login => username:admin,password:123456
[2022-01-15T22:19:39.403] [DEBUG] cheese - admin
[2022-01-15T22:19:39.404] [DEBUG] cheese - null
[2022-01-15T22:19:39.404] [DEBUG] cheese - null
[2022-01-15T22:35:30.766] [DEBUG] cheese - login => username:admin,password:123456
[2022-01-15T22:35:30.766] [DEBUG] cheese - admin
[2022-01-15T22:35:30.767] [DEBUG] cheese - null
[2022-01-15T22:35:30.768] [DEBUG] cheese - null
[2022-01-15T22:35:59.377] [DEBUG] cheese - login => username:admin,password:123456
[2022-01-15T22:35:59.377] [DEBUG] cheese - admin
[2022-01-15T22:35:59.378] [DEBUG] cheese - null
[2022-01-15T22:35:59.378] [DEBUG] cheese - null
[2022-01-15T22:36:05.763] [DEBUG] cheese - login => username:admin,password:123456
[2022-01-15T22:36:05.763] [DEBUG] cheese - admin
[2022-01-15T22:36:05.765] [DEBUG] cheese - null
[2022-01-15T22:36:05.765] [DEBUG] cheese - null
[2022-01-16T13:47:36.501] [DEBUG] cheese - login => username:admin,password:123456
[2022-01-16T13:47:36.502] [DEBUG] cheese - admin
[2022-01-16T13:47:36.535] [DEBUG] cheese - null
[2022-01-16T13:47:36.535] [DEBUG] cheese - null
[2022-01-17T12:34:50.691] [DEBUG] cheese - login => username:admin,password:123456
[2022-01-17T12:34:50.692] [DEBUG] cheese - admin
[2022-01-17T12:34:50.725] [DEBUG] cheese - null
[2022-01-17T12:34:50.726] [DEBUG] cheese - null
[2022-01-17T13:48:38.128] [DEBUG] cheese - login => username:admin,password:123456
[2022-01-17T13:48:38.129] [DEBUG] cheese - admin
[2022-01-17T13:48:38.133] [DEBUG] cheese - null
[2022-01-17T13:48:38.133] [DEBUG] cheese - null
[2022-01-17T13:50:31.284] [DEBUG] cheese - login => username:admin,password:123456
[2022-01-17T13:50:31.285] [DEBUG] cheese - admin
[2022-01-17T13:50:31.287] [DEBUG] cheese - null
[2022-01-17T13:50:31.287] [DEBUG] cheese - null
[2022-01-17T13:50:42.457] [DEBUG] cheese - login => username:admin,password:123456
[2022-01-17T13:50:42.457] [DEBUG] cheese - admin
[2022-01-17T13:50:42.460] [DEBUG] cheese - null
[2022-01-17T13:50:42.460] [DEBUG] cheese - null
[2022-01-17T13:50:49.347] [DEBUG] cheese - login => username:admin,password:123456
[2022-01-17T13:50:49.347] [DEBUG] cheese - admin
[2022-01-17T13:50:49.348] [DEBUG] cheese - null
[2022-01-17T13:50:49.348] [DEBUG] cheese - null
[2022-01-17T15:19:49.908] [DEBUG] cheese - login => username:admin,password:123456
[2022-01-17T15:19:49.908] [DEBUG] cheese - admin
[2022-01-17T15:19:49.911] [DEBUG] cheese - null
[2022-01-17T15:19:49.911] [DEBUG] cheese - null
[2022-01-17T22:30:27.401] [DEBUG] cheese - null
[2022-01-17T22:30:34.618] [DEBUG] cheese - null
[2022-01-17T22:37:42.342] [DEBUG] cheese - null
[2022-01-17T22:37:52.278] [DEBUG] cheese - null
[2022-01-17T22:37:56.629] [DEBUG] cheese - null
[2022-01-17T22:38:02.456] [DEBUG] cheese - null
[2022-01-17T22:38:08.567] [DEBUG] cheese - null
[2022-01-17T22:38:11.040] [DEBUG] cheese - null
[2022-01-17T22:38:12.958] [DEBUG] cheese - null
[2022-01-17T22:38:23.734] [DEBUG] cheese - null
[2022-01-17T22:40:04.690] [DEBUG] cheese - null
[2022-01-17T22:40:08.355] [DEBUG] cheese - null
[2022-01-17T22:40:11.217] [DEBUG] cheese - null
[2022-01-18T14:53:34.557] [DEBUG] cheese - login => username:admin,password:123456
[2022-01-18T14:53:34.558] [DEBUG] cheese - admin
[2022-01-18T14:53:34.598] [DEBUG] cheese - null
[2022-01-18T14:53:34.598] [DEBUG] cheese - null
[2022-01-18T15:37:27.616] [DEBUG] cheese - null
[2022-01-18T15:37:46.566] [DEBUG] cheese - null
[2022-01-19T14:11:19.592] [DEBUG] cheese - login => username:admin,password:123456
[2022-01-19T14:11:19.593] [DEBUG] cheese - admin
[2022-01-19T14:11:19.628] [DEBUG] cheese - null
[2022-01-19T14:11:19.628] [DEBUG] cheese - null
[2022-01-19T14:31:42.519] [DEBUG] cheese - login => username:admin,password:123456
[2022-01-19T14:31:42.519] [DEBUG] cheese - admin
[2022-01-19T14:31:42.524] [DEBUG] cheese - null
[2022-01-19T14:31:42.524] [DEBUG] cheese - null
[2022-01-19T17:56:40.596] [DEBUG] cheese - login => username:admin,password:123456
[2022-01-19T17:56:40.597] [DEBUG] cheese - admin
[2022-01-19T17:56:40.601] [DEBUG] cheese - null
[2022-01-19T17:56:40.601] [DEBUG] cheese - null
[2022-01-19T22:44:09.421] [DEBUG] cheese - login => username:admin,password:123456
[2022-01-19T22:44:09.422] [DEBUG] cheese - admin
[2022-01-19T22:44:09.426] [DEBUG] cheese - null
[2022-01-19T22:44:09.427] [DEBUG] cheese - null
[2022-01-19T22:45:37.930] [DEBUG] cheese - login => username:admin,password:123456
[2022-01-19T22:45:37.930] [DEBUG] cheese - admin
[2022-01-19T22:45:37.934] [DEBUG] cheese - null
[2022-01-19T22:45:37.934] [DEBUG] cheese - null
[2022-01-20T11:50:50.017] [DEBUG] cheese - login => username:admin,password:123456
[2022-01-20T11:50:50.018] [DEBUG] cheese - admin
[2022-01-20T11:50:50.053] [DEBUG] cheese - null
[2022-01-20T11:50:50.054] [DEBUG] cheese - null
[2022-01-20T15:43:16.509] [DEBUG] cheese - login => username:admin,password:123456
[2022-01-20T15:43:16.510] [DEBUG] cheese - admin
[2022-01-20T15:43:16.514] [DEBUG] cheese - null
[2022-01-20T15:43:16.514] [DEBUG] cheese - null
[2022-01-20T15:50:28.780] [DEBUG] cheese - null
[2022-01-20T15:50:32.306] [DEBUG] cheese - null
[2022-01-20T15:50:34.669] [DEBUG] cheese - null
[2022-01-22T12:13:31.112] [DEBUG] cheese - login => username:admin,password:123456
[2022-01-22T12:13:31.113] [DEBUG] cheese - admin
[2022-01-22T12:13:31.152] [DEBUG] cheese - null
[2022-01-22T12:13:31.152] [DEBUG] cheese - null
[2022-01-22T17:01:11.084] [DEBUG] cheese - login => username:admin,password:123456
[2022-01-22T17:01:11.086] [DEBUG] cheese - admin
[2022-01-22T17:01:11.090] [DEBUG] cheese - null
[2022-01-22T17:01:11.091] [DEBUG] cheese - null
[2022-01-22T17:05:07.318] [DEBUG] cheese - login => username:admin,password:123456
[2022-01-22T17:05:07.319] [DEBUG] cheese - admin
[2022-01-22T17:05:07.321] [DEBUG] cheese - null
[2022-01-22T17:05:07.321] [DEBUG] cheese - null
[2022-01-22T17:11:21.611] [DEBUG] cheese - login => username:admin,password:123456
[2022-01-22T17:11:21.612] [DEBUG] cheese - admin
[2022-01-22T17:11:21.614] [DEBUG] cheese - null
[2022-01-22T17:11:21.615] [DEBUG] cheese - null
[2022-01-22T18:18:00.972] [DEBUG] cheese - login => username:admin,password:123456
[2022-01-22T18:18:00.973] [DEBUG] cheese - admin
[2022-01-22T18:18:00.978] [DEBUG] cheese - null
[2022-01-22T18:18:00.978] [DEBUG] cheese - null
[2022-01-22T22:52:12.217] [DEBUG] cheese - login => username:admin,password:123456
[2022-01-22T22:52:12.218] [DEBUG] cheese - admin
[2022-01-22T22:52:12.222] [DEBUG] cheese - null
[2022-01-22T22:52:12.222] [DEBUG] cheese - null
[2022-01-22T22:52:38.527] [DEBUG] cheese - login => username:admin,password:123456
[2022-01-22T22:52:38.527] [DEBUG] cheese - admin
[2022-01-22T22:52:38.529] [DEBUG] cheese - null
[2022-01-22T22:52:38.529] [DEBUG] cheese - null
[2022-01-22T22:53:59.694] [DEBUG] cheese - login => username:admin,password:123456
[2022-01-22T22:53:59.694] [DEBUG] cheese - admin
[2022-01-22T22:53:59.698] [DEBUG] cheese - null
[2022-01-22T22:53:59.698] [DEBUG] cheese - null
[2022-01-22T23:12:05.657] [DEBUG] cheese - login => username:admin,password:123456
[2022-01-22T23:12:05.657] [DEBUG] cheese - admin
[2022-01-22T23:12:05.660] [DEBUG] cheese - null
[2022-01-22T23:12:05.661] [DEBUG] cheese - null
[2022-01-22T23:16:48.752] [DEBUG] cheese - login => username:admin,password:123456
[2022-01-22T23:16:48.754] [DEBUG] cheese - admin
[2022-01-22T23:16:48.787] [DEBUG] cheese - null
[2022-01-22T23:16:48.788] [DEBUG] cheese - null
[2022-01-22T23:17:23.168] [DEBUG] cheese - null
[2022-01-22T23:19:08.502] [DEBUG] cheese - null
[2022-01-23T14:32:42.151] [DEBUG] cheese - login => username:admin,password:123456
[2022-01-23T14:32:42.152] [DEBUG] cheese - admin
[2022-01-23T14:32:42.189] [DEBUG] cheese - null
[2022-01-23T14:32:42.189] [DEBUG] cheese - null
[2022-01-23T20:37:46.732] [DEBUG] cheese - login => username:admin,password:123456
[2022-01-23T20:37:46.733] [DEBUG] cheese - admin
[2022-01-23T20:37:46.740] [DEBUG] cheese - null
[2022-01-23T20:37:46.741] [DEBUG] cheese - null
[2022-01-23T21:58:28.037] [DEBUG] cheese - login => username:admin,password:123456
[2022-01-23T21:58:28.042] [DEBUG] cheese - admin
[2022-01-23T21:58:28.055] [DEBUG] cheese - null
[2022-01-23T21:58:28.055] [DEBUG] cheese - null
[2022-01-23T21:58:58.729] [DEBUG] cheese - login => username:admin,password:123456
[2022-01-23T21:58:58.729] [DEBUG] cheese - admin
[2022-01-23T21:58:58.731] [DEBUG] cheese - null
[2022-01-23T21:58:58.731] [DEBUG] cheese - null
[2022-01-23T22:00:11.657] [DEBUG] cheese - login => username:admin,password:123456
[2022-01-23T22:00:11.658] [DEBUG] cheese - admin
[2022-01-23T22:00:11.661] [DEBUG] cheese - null
[2022-01-23T22:00:11.661] [DEBUG] cheese - null
[2022-01-23T22:00:45.579] [DEBUG] cheese - login => username:admin,password:123456
[2022-01-23T22:00:45.579] [DEBUG] cheese - admin
[2022-01-23T22:00:45.581] [DEBUG] cheese - null
[2022-01-23T22:00:45.581] [DEBUG] cheese - null
